[2025-02-11 23:30:25] local.ERROR: The "C:\Users\CRACK\Herd\venta\resources\views" directory does not exist. {"exception":"[object] (Symfony\\Component\\Finder\\Exception\\DirectoryNotFoundException(code: 0): The \"C:\\Users\\CRACK\\Herd\\venta\\resources\\views\" directory does not exist. at /mnt/c/Users/CRACK/Herd/venta/vendor/symfony/finder/Finder.php:646)
[stacktrace]
#0 /mnt/c/Users/CRACK/Herd/venta/vendor/laravel/framework/src/Illuminate/Foundation/Console/ViewCacheCommand.php(88): Symfony\\Component\\Finder\\Finder->in()
#1 /mnt/c/Users/CRACK/Herd/venta/vendor/laravel/framework/src/Illuminate/Foundation/Console/ViewCacheCommand.php(43): Illuminate\\Foundation\\Console\\ViewCacheCommand->bladeFilesIn()
#2 /mnt/c/Users/CRACK/Herd/venta/vendor/laravel/framework/src/Illuminate/Collections/Traits/EnumeratesValues.php(259): Illuminate\\Foundation\\Console\\ViewCacheCommand->Illuminate\\Foundation\\Console\\{closure}()
#3 /mnt/c/Users/CRACK/Herd/venta/vendor/laravel/framework/src/Illuminate/Foundation/Console/ViewCacheCommand.php(38): Illuminate\\Support\\Collection->each()
#4 /mnt/c/Users/CRACK/Herd/venta/vendor/laravel/framework/src/Illuminate/Container/BoundMethod.php(36): Illuminate\\Foundation\\Console\\ViewCacheCommand->handle()
#5 /mnt/c/Users/CRACK/Herd/venta/vendor/laravel/framework/src/Illuminate/Container/Util.php(43): Illuminate\\Container\\BoundMethod::Illuminate\\Container\\{closure}()
#6 /mnt/c/Users/CRACK/Herd/venta/vendor/laravel/framework/src/Illuminate/Container/BoundMethod.php(95): Illuminate\\Container\\Util::unwrapIfClosure()
#7 /mnt/c/Users/CRACK/Herd/venta/vendor/laravel/framework/src/Illuminate/Container/BoundMethod.php(35): Illuminate\\Container\\BoundMethod::callBoundMethod()
#8 /mnt/c/Users/CRACK/Herd/venta/vendor/laravel/framework/src/Illuminate/Container/Container.php(694): Illuminate\\Container\\BoundMethod::call()
#9 /mnt/c/Users/CRACK/Herd/venta/vendor/laravel/framework/src/Illuminate/Console/Command.php(213): Illuminate\\Container\\Container->call()
#10 /mnt/c/Users/CRACK/Herd/venta/vendor/symfony/console/Command/Command.php(279): Illuminate\\Console\\Command->execute()
#11 /mnt/c/Users/CRACK/Herd/venta/vendor/laravel/framework/src/Illuminate/Console/Command.php(182): Symfony\\Component\\Console\\Command\\Command->run()
#12 /mnt/c/Users/CRACK/Herd/venta/vendor/laravel/framework/src/Illuminate/Console/Concerns/CallsCommands.php(68): Illuminate\\Console\\Command->run()
#13 /mnt/c/Users/CRACK/Herd/venta/vendor/laravel/framework/src/Illuminate/Console/Concerns/CallsCommands.php(41): Illuminate\\Console\\Command->runCommand()
#14 /mnt/c/Users/CRACK/Herd/venta/vendor/laravel/framework/src/Illuminate/Console/Concerns/CallsCommands.php(53): Illuminate\\Console\\Command->callSilent()
#15 /mnt/c/Users/CRACK/Herd/venta/vendor/laravel/framework/src/Illuminate/Foundation/Console/OptimizeCommand.php(48): Illuminate\\Console\\Command->callSilently()
#16 /mnt/c/Users/CRACK/Herd/venta/vendor/laravel/framework/src/Illuminate/Console/View/Components/Task.php(40): Illuminate\\Foundation\\Console\\OptimizeCommand->Illuminate\\Foundation\\Console\\{closure}()
#17 /mnt/c/Users/CRACK/Herd/venta/vendor/laravel/framework/src/Illuminate/Console/View/Components/Factory.php(60): Illuminate\\Console\\View\\Components\\Task->render()
#18 /mnt/c/Users/CRACK/Herd/venta/vendor/laravel/framework/src/Illuminate/Foundation/Console/OptimizeCommand.php(48): Illuminate\\Console\\View\\Components\\Factory->__call()
#19 /mnt/c/Users/CRACK/Herd/venta/vendor/laravel/framework/src/Illuminate/Container/BoundMethod.php(36): Illuminate\\Foundation\\Console\\OptimizeCommand->handle()
#20 /mnt/c/Users/CRACK/Herd/venta/vendor/laravel/framework/src/Illuminate/Container/Util.php(43): Illuminate\\Container\\BoundMethod::Illuminate\\Container\\{closure}()
#21 /mnt/c/Users/CRACK/Herd/venta/vendor/laravel/framework/src/Illuminate/Container/BoundMethod.php(95): Illuminate\\Container\\Util::unwrapIfClosure()
#22 /mnt/c/Users/CRACK/Herd/venta/vendor/laravel/framework/src/Illuminate/Container/BoundMethod.php(35): Illuminate\\Container\\BoundMethod::callBoundMethod()
#23 /mnt/c/Users/CRACK/Herd/venta/vendor/laravel/framework/src/Illuminate/Container/Container.php(694): Illuminate\\Container\\BoundMethod::call()
#24 /mnt/c/Users/CRACK/Herd/venta/vendor/laravel/framework/src/Illuminate/Console/Command.php(213): Illuminate\\Container\\Container->call()
#25 /mnt/c/Users/CRACK/Herd/venta/vendor/symfony/console/Command/Command.php(279): Illuminate\\Console\\Command->execute()
#26 /mnt/c/Users/CRACK/Herd/venta/vendor/laravel/framework/src/Illuminate/Console/Command.php(182): Symfony\\Component\\Console\\Command\\Command->run()
#27 /mnt/c/Users/CRACK/Herd/venta/vendor/symfony/console/Application.php(1094): Illuminate\\Console\\Command->run()
#28 /mnt/c/Users/CRACK/Herd/venta/vendor/symfony/console/Application.php(342): Symfony\\Component\\Console\\Application->doRunCommand()
#29 /mnt/c/Users/CRACK/Herd/venta/vendor/symfony/console/Application.php(193): Symfony\\Component\\Console\\Application->doRun()
#30 /mnt/c/Users/CRACK/Herd/venta/vendor/laravel/framework/src/Illuminate/Foundation/Console/Kernel.php(198): Symfony\\Component\\Console\\Application->run()
#31 /mnt/c/Users/CRACK/Herd/venta/vendor/laravel/framework/src/Illuminate/Foundation/Application.php(1231): Illuminate\\Foundation\\Console\\Kernel->handle()
#32 /mnt/c/Users/CRACK/Herd/venta/artisan(13): Illuminate\\Foundation\\Application->handleCommand()
#33 {main}
"} 
[2025-02-11 23:31:48] local.ERROR: SQLSTATE[HY000] [2002] Connection refused (Connection: mariadb, SQL: select column_name as `name`, data_type as `type_name`, column_type as `type`, collation_name as `collation`, is_nullable as `nullable`, column_default as `default`, column_comment as `comment`, generation_expression as `expression`, extra as `extra` from information_schema.columns where table_schema = 'venta' and table_name = 'sales' order by ordinal_position asc) {"exception":"[object] (Illuminate\\Database\\QueryException(code: 2002): SQLSTATE[HY000] [2002] Connection refused (Connection: mariadb, SQL: select column_name as `name`, data_type as `type_name`, column_type as `type`, collation_name as `collation`, is_nullable as `nullable`, column_default as `default`, column_comment as `comment`, generation_expression as `expression`, extra as `extra` from information_schema.columns where table_schema = 'venta' and table_name = 'sales' order by ordinal_position asc) at /mnt/c/Users/CRACK/Herd/venta/vendor/laravel/framework/src/Illuminate/Database/Connection.php:825)
[stacktrace]
#0 /mnt/c/Users/CRACK/Herd/venta/vendor/laravel/framework/src/Illuminate/Database/Connection.php(979): Illuminate\\Database\\Connection->runQueryCallback()
#1 /mnt/c/Users/CRACK/Herd/venta/vendor/laravel/framework/src/Illuminate/Database/Connection.php(958): Illuminate\\Database\\Connection->tryAgainIfCausedByLostConnection()
#2 /mnt/c/Users/CRACK/Herd/venta/vendor/laravel/framework/src/Illuminate/Database/Connection.php(781): Illuminate\\Database\\Connection->handleQueryException()
#3 /mnt/c/Users/CRACK/Herd/venta/vendor/laravel/framework/src/Illuminate/Database/Connection.php(398): Illuminate\\Database\\Connection->run()
#4 /mnt/c/Users/CRACK/Herd/venta/vendor/laravel/framework/src/Illuminate/Database/Connection.php(385): Illuminate\\Database\\Connection->select()
#5 /mnt/c/Users/CRACK/Herd/venta/vendor/laravel/framework/src/Illuminate/Database/Schema/MySqlBuilder.php(88): Illuminate\\Database\\Connection->selectFromWriteConnection()
#6 /mnt/c/Users/CRACK/Herd/venta/vendor/filament/forms/src/Commands/Concerns/CanGenerateForms.php(23): Illuminate\\Database\\Schema\\MySqlBuilder->getColumns()
#7 /mnt/c/Users/CRACK/Herd/venta/vendor/filament/filament/src/Commands/MakeResourceCommand.php(239): Filament\\Commands\\MakeResourceCommand->getResourceFormSchema()
#8 /mnt/c/Users/CRACK/Herd/venta/vendor/laravel/framework/src/Illuminate/Container/BoundMethod.php(36): Filament\\Commands\\MakeResourceCommand->handle()
#9 /mnt/c/Users/CRACK/Herd/venta/vendor/laravel/framework/src/Illuminate/Container/Util.php(43): Illuminate\\Container\\BoundMethod::Illuminate\\Container\\{closure}()
#10 /mnt/c/Users/CRACK/Herd/venta/vendor/laravel/framework/src/Illuminate/Container/BoundMethod.php(95): Illuminate\\Container\\Util::unwrapIfClosure()
#11 /mnt/c/Users/CRACK/Herd/venta/vendor/laravel/framework/src/Illuminate/Container/BoundMethod.php(35): Illuminate\\Container\\BoundMethod::callBoundMethod()
#12 /mnt/c/Users/CRACK/Herd/venta/vendor/laravel/framework/src/Illuminate/Container/Container.php(694): Illuminate\\Container\\BoundMethod::call()
#13 /mnt/c/Users/CRACK/Herd/venta/vendor/laravel/framework/src/Illuminate/Console/Command.php(213): Illuminate\\Container\\Container->call()
#14 /mnt/c/Users/CRACK/Herd/venta/vendor/symfony/console/Command/Command.php(279): Illuminate\\Console\\Command->execute()
#15 /mnt/c/Users/CRACK/Herd/venta/vendor/laravel/framework/src/Illuminate/Console/Command.php(182): Symfony\\Component\\Console\\Command\\Command->run()
#16 /mnt/c/Users/CRACK/Herd/venta/vendor/symfony/console/Application.php(1094): Illuminate\\Console\\Command->run()
#17 /mnt/c/Users/CRACK/Herd/venta/vendor/symfony/console/Application.php(342): Symfony\\Component\\Console\\Application->doRunCommand()
#18 /mnt/c/Users/CRACK/Herd/venta/vendor/symfony/console/Application.php(193): Symfony\\Component\\Console\\Application->doRun()
#19 /mnt/c/Users/CRACK/Herd/venta/vendor/laravel/framework/src/Illuminate/Foundation/Console/Kernel.php(198): Symfony\\Component\\Console\\Application->run()
#20 /mnt/c/Users/CRACK/Herd/venta/vendor/laravel/framework/src/Illuminate/Foundation/Application.php(1231): Illuminate\\Foundation\\Console\\Kernel->handle()
#21 /mnt/c/Users/CRACK/Herd/venta/artisan(13): Illuminate\\Foundation\\Application->handleCommand()
#22 {main}

[previous exception] [object] (PDOException(code: 2002): SQLSTATE[HY000] [2002] Connection refused at /mnt/c/Users/CRACK/Herd/venta/vendor/laravel/framework/src/Illuminate/Database/Connectors/Connector.php:66)
[stacktrace]
#0 /mnt/c/Users/CRACK/Herd/venta/vendor/laravel/framework/src/Illuminate/Database/Connectors/Connector.php(66): PDO->__construct()
#1 /mnt/c/Users/CRACK/Herd/venta/vendor/laravel/framework/src/Illuminate/Database/Connectors/Connector.php(85): Illuminate\\Database\\Connectors\\Connector->createPdoConnection()
#2 /mnt/c/Users/CRACK/Herd/venta/vendor/laravel/framework/src/Illuminate/Database/Connectors/Connector.php(48): Illuminate\\Database\\Connectors\\Connector->tryAgainIfCausedByLostConnection()
#3 /mnt/c/Users/CRACK/Herd/venta/vendor/laravel/framework/src/Illuminate/Database/Connectors/MySqlConnector.php(24): Illuminate\\Database\\Connectors\\Connector->createConnection()
#4 /mnt/c/Users/CRACK/Herd/venta/vendor/laravel/framework/src/Illuminate/Database/Connectors/ConnectionFactory.php(185): Illuminate\\Database\\Connectors\\MySqlConnector->connect()
#5 [internal function]: Illuminate\\Database\\Connectors\\ConnectionFactory->Illuminate\\Database\\Connectors\\{closure}()
#6 /mnt/c/Users/CRACK/Herd/venta/vendor/laravel/framework/src/Illuminate/Database/Connection.php(1231): call_user_func()
#7 /mnt/c/Users/CRACK/Herd/venta/vendor/laravel/framework/src/Illuminate/Database/Connection.php(512): Illuminate\\Database\\Connection->getPdo()
#8 /mnt/c/Users/CRACK/Herd/venta/vendor/laravel/framework/src/Illuminate/Database/Connection.php(407): Illuminate\\Database\\Connection->getPdoForSelect()
#9 /mnt/c/Users/CRACK/Herd/venta/vendor/laravel/framework/src/Illuminate/Database/Connection.php(812): Illuminate\\Database\\Connection->Illuminate\\Database\\{closure}()
#10 /mnt/c/Users/CRACK/Herd/venta/vendor/laravel/framework/src/Illuminate/Database/Connection.php(979): Illuminate\\Database\\Connection->runQueryCallback()
#11 /mnt/c/Users/CRACK/Herd/venta/vendor/laravel/framework/src/Illuminate/Database/Connection.php(958): Illuminate\\Database\\Connection->tryAgainIfCausedByLostConnection()
#12 /mnt/c/Users/CRACK/Herd/venta/vendor/laravel/framework/src/Illuminate/Database/Connection.php(781): Illuminate\\Database\\Connection->handleQueryException()
#13 /mnt/c/Users/CRACK/Herd/venta/vendor/laravel/framework/src/Illuminate/Database/Connection.php(398): Illuminate\\Database\\Connection->run()
#14 /mnt/c/Users/CRACK/Herd/venta/vendor/laravel/framework/src/Illuminate/Database/Connection.php(385): Illuminate\\Database\\Connection->select()
#15 /mnt/c/Users/CRACK/Herd/venta/vendor/laravel/framework/src/Illuminate/Database/Schema/MySqlBuilder.php(88): Illuminate\\Database\\Connection->selectFromWriteConnection()
#16 /mnt/c/Users/CRACK/Herd/venta/vendor/filament/forms/src/Commands/Concerns/CanGenerateForms.php(23): Illuminate\\Database\\Schema\\MySqlBuilder->getColumns()
#17 /mnt/c/Users/CRACK/Herd/venta/vendor/filament/filament/src/Commands/MakeResourceCommand.php(239): Filament\\Commands\\MakeResourceCommand->getResourceFormSchema()
#18 /mnt/c/Users/CRACK/Herd/venta/vendor/laravel/framework/src/Illuminate/Container/BoundMethod.php(36): Filament\\Commands\\MakeResourceCommand->handle()
#19 /mnt/c/Users/CRACK/Herd/venta/vendor/laravel/framework/src/Illuminate/Container/Util.php(43): Illuminate\\Container\\BoundMethod::Illuminate\\Container\\{closure}()
#20 /mnt/c/Users/CRACK/Herd/venta/vendor/laravel/framework/src/Illuminate/Container/BoundMethod.php(95): Illuminate\\Container\\Util::unwrapIfClosure()
#21 /mnt/c/Users/CRACK/Herd/venta/vendor/laravel/framework/src/Illuminate/Container/BoundMethod.php(35): Illuminate\\Container\\BoundMethod::callBoundMethod()
#22 /mnt/c/Users/CRACK/Herd/venta/vendor/laravel/framework/src/Illuminate/Container/Container.php(694): Illuminate\\Container\\BoundMethod::call()
#23 /mnt/c/Users/CRACK/Herd/venta/vendor/laravel/framework/src/Illuminate/Console/Command.php(213): Illuminate\\Container\\Container->call()
#24 /mnt/c/Users/CRACK/Herd/venta/vendor/symfony/console/Command/Command.php(279): Illuminate\\Console\\Command->execute()
#25 /mnt/c/Users/CRACK/Herd/venta/vendor/laravel/framework/src/Illuminate/Console/Command.php(182): Symfony\\Component\\Console\\Command\\Command->run()
#26 /mnt/c/Users/CRACK/Herd/venta/vendor/symfony/console/Application.php(1094): Illuminate\\Console\\Command->run()
#27 /mnt/c/Users/CRACK/Herd/venta/vendor/symfony/console/Application.php(342): Symfony\\Component\\Console\\Application->doRunCommand()
#28 /mnt/c/Users/CRACK/Herd/venta/vendor/symfony/console/Application.php(193): Symfony\\Component\\Console\\Application->doRun()
#29 /mnt/c/Users/CRACK/Herd/venta/vendor/laravel/framework/src/Illuminate/Foundation/Console/Kernel.php(198): Symfony\\Component\\Console\\Application->run()
#30 /mnt/c/Users/CRACK/Herd/venta/vendor/laravel/framework/src/Illuminate/Foundation/Application.php(1231): Illuminate\\Foundation\\Console\\Kernel->handle()
#31 /mnt/c/Users/CRACK/Herd/venta/artisan(13): Illuminate\\Foundation\\Application->handleCommand()
#32 {main}
"} 
[2025-02-12 16:55:56] local.ERROR: Class "App\Filament\Resources\SaleResource\Pages\SaleInvoice" not found {"exception":"[object] (Error(code: 0): Class \"App\\Filament\\Resources\\SaleResource\\Pages\\SaleInvoice\" not found at /mnt/c/Users/CRACK/Herd/venta/app/Filament/Resources/SaleResource.php:319)
[stacktrace]
#0 /mnt/c/Users/CRACK/Herd/venta/vendor/filament/filament/src/Panel/Concerns/HasComponents.php(525): App\\Filament\\Resources\\SaleResource::getPages()
#1 /mnt/c/Users/CRACK/Herd/venta/vendor/filament/filament/src/Panel.php(69): Filament\\Panel->registerLivewireComponents()
#2 /mnt/c/Users/CRACK/Herd/venta/vendor/filament/filament/src/PanelRegistry.php(19): Filament\\Panel->register()
#3 /mnt/c/Users/CRACK/Herd/venta/vendor/filament/filament/src/Facades/Filament.php(140): Filament\\PanelRegistry->register()
#4 /mnt/c/Users/CRACK/Herd/venta/vendor/laravel/framework/src/Illuminate/Container/Container.php(1417): Filament\\Facades\\Filament::Filament\\Facades\\{closure}()
#5 /mnt/c/Users/CRACK/Herd/venta/vendor/laravel/framework/src/Illuminate/Container/Container.php(1335): Illuminate\\Container\\Container->fireCallbackArray()
#6 /mnt/c/Users/CRACK/Herd/venta/vendor/laravel/framework/src/Illuminate/Container/Container.php(837): Illuminate\\Container\\Container->fireResolvingCallbacks()
#7 /mnt/c/Users/CRACK/Herd/venta/vendor/laravel/framework/src/Illuminate/Foundation/Application.php(1074): Illuminate\\Container\\Container->resolve()
#8 /mnt/c/Users/CRACK/Herd/venta/vendor/laravel/framework/src/Illuminate/Container/Container.php(755): Illuminate\\Foundation\\Application->resolve()
#9 /mnt/c/Users/CRACK/Herd/venta/vendor/laravel/framework/src/Illuminate/Foundation/Application.php(1056): Illuminate\\Container\\Container->make()
#10 /mnt/c/Users/CRACK/Herd/venta/vendor/laravel/framework/src/Illuminate/Foundation/helpers.php(124): Illuminate\\Foundation\\Application->make()
#11 /mnt/c/Users/CRACK/Herd/venta/vendor/filament/filament/src/FilamentManager.php(51): app()
#12 /mnt/c/Users/CRACK/Herd/venta/vendor/filament/filament/src/FilamentServiceProvider.php(48): Filament\\FilamentManager->__construct()
#13 /mnt/c/Users/CRACK/Herd/venta/vendor/laravel/framework/src/Illuminate/Container/Container.php(937): Filament\\FilamentServiceProvider->Filament\\{closure}()
#14 /mnt/c/Users/CRACK/Herd/venta/vendor/laravel/framework/src/Illuminate/Container/Container.php(819): Illuminate\\Container\\Container->build()
#15 /mnt/c/Users/CRACK/Herd/venta/vendor/laravel/framework/src/Illuminate/Foundation/Application.php(1074): Illuminate\\Container\\Container->resolve()
#16 /mnt/c/Users/CRACK/Herd/venta/vendor/laravel/framework/src/Illuminate/Container/Container.php(755): Illuminate\\Foundation\\Application->resolve()
#17 /mnt/c/Users/CRACK/Herd/venta/vendor/laravel/framework/src/Illuminate/Foundation/Application.php(1056): Illuminate\\Container\\Container->make()
#18 /mnt/c/Users/CRACK/Herd/venta/vendor/laravel/framework/src/Illuminate/Container/Container.php(1565): Illuminate\\Foundation\\Application->make()
#19 /mnt/c/Users/CRACK/Herd/venta/vendor/laravel/framework/src/Illuminate/Support/Facades/Facade.php(239): Illuminate\\Container\\Container->offsetGet()
#20 /mnt/c/Users/CRACK/Herd/venta/vendor/laravel/framework/src/Illuminate/Support/Facades/Facade.php(210): Illuminate\\Support\\Facades\\Facade::resolveFacadeInstance()
#21 /mnt/c/Users/CRACK/Herd/venta/vendor/laravel/framework/src/Illuminate/Support/Facades/Facade.php(355): Illuminate\\Support\\Facades\\Facade::getFacadeRoot()
#22 /mnt/c/Users/CRACK/Herd/venta/vendor/filament/filament/src/FilamentServiceProvider.php(89): Illuminate\\Support\\Facades\\Facade::__callStatic()
#23 /mnt/c/Users/CRACK/Herd/venta/vendor/spatie/laravel-package-tools/src/PackageServiceProvider.php(81): Filament\\FilamentServiceProvider->packageBooted()
#24 /mnt/c/Users/CRACK/Herd/venta/vendor/laravel/framework/src/Illuminate/Container/BoundMethod.php(36): Spatie\\LaravelPackageTools\\PackageServiceProvider->boot()
#25 /mnt/c/Users/CRACK/Herd/venta/vendor/laravel/framework/src/Illuminate/Container/Util.php(43): Illuminate\\Container\\BoundMethod::Illuminate\\Container\\{closure}()
#26 /mnt/c/Users/CRACK/Herd/venta/vendor/laravel/framework/src/Illuminate/Container/BoundMethod.php(95): Illuminate\\Container\\Util::unwrapIfClosure()
#27 /mnt/c/Users/CRACK/Herd/venta/vendor/laravel/framework/src/Illuminate/Container/BoundMethod.php(35): Illuminate\\Container\\BoundMethod::callBoundMethod()
#28 /mnt/c/Users/CRACK/Herd/venta/vendor/laravel/framework/src/Illuminate/Container/Container.php(694): Illuminate\\Container\\BoundMethod::call()
#29 /mnt/c/Users/CRACK/Herd/venta/vendor/laravel/framework/src/Illuminate/Foundation/Application.php(1147): Illuminate\\Container\\Container->call()
#30 /mnt/c/Users/CRACK/Herd/venta/vendor/laravel/framework/src/Illuminate/Foundation/Application.php(1128): Illuminate\\Foundation\\Application->bootProvider()
#31 [internal function]: Illuminate\\Foundation\\Application->Illuminate\\Foundation\\{closure}()
#32 /mnt/c/Users/CRACK/Herd/venta/vendor/laravel/framework/src/Illuminate/Foundation/Application.php(1127): array_walk()
#33 /mnt/c/Users/CRACK/Herd/venta/vendor/laravel/framework/src/Illuminate/Foundation/Bootstrap/BootProviders.php(17): Illuminate\\Foundation\\Application->boot()
#34 /mnt/c/Users/CRACK/Herd/venta/vendor/laravel/framework/src/Illuminate/Foundation/Application.php(342): Illuminate\\Foundation\\Bootstrap\\BootProviders->bootstrap()
#35 /mnt/c/Users/CRACK/Herd/venta/vendor/laravel/framework/src/Illuminate/Foundation/Console/Kernel.php(474): Illuminate\\Foundation\\Application->bootstrapWith()
#36 /mnt/c/Users/CRACK/Herd/venta/vendor/laravel/framework/src/Illuminate/Foundation/Console/Kernel.php(196): Illuminate\\Foundation\\Console\\Kernel->bootstrap()
#37 /mnt/c/Users/CRACK/Herd/venta/vendor/laravel/framework/src/Illuminate/Foundation/Application.php(1231): Illuminate\\Foundation\\Console\\Kernel->handle()
#38 /mnt/c/Users/CRACK/Herd/venta/artisan(13): Illuminate\\Foundation\\Application->handleCommand()
#39 {main}
"} 
[2025-02-12 17:04:32] local.ERROR: The "C:\Users\CRACK\Herd\venta\resources\views" directory does not exist. {"exception":"[object] (Symfony\\Component\\Finder\\Exception\\DirectoryNotFoundException(code: 0): The \"C:\\Users\\CRACK\\Herd\\venta\\resources\\views\" directory does not exist. at /mnt/c/Users/CRACK/Herd/venta/vendor/symfony/finder/Finder.php:646)
[stacktrace]
#0 /mnt/c/Users/CRACK/Herd/venta/vendor/laravel/framework/src/Illuminate/Foundation/Console/ViewCacheCommand.php(88): Symfony\\Component\\Finder\\Finder->in()
#1 /mnt/c/Users/CRACK/Herd/venta/vendor/laravel/framework/src/Illuminate/Foundation/Console/ViewCacheCommand.php(43): Illuminate\\Foundation\\Console\\ViewCacheCommand->bladeFilesIn()
#2 /mnt/c/Users/CRACK/Herd/venta/vendor/laravel/framework/src/Illuminate/Collections/Traits/EnumeratesValues.php(259): Illuminate\\Foundation\\Console\\ViewCacheCommand->Illuminate\\Foundation\\Console\\{closure}()
#3 /mnt/c/Users/CRACK/Herd/venta/vendor/laravel/framework/src/Illuminate/Foundation/Console/ViewCacheCommand.php(38): Illuminate\\Support\\Collection->each()
#4 /mnt/c/Users/CRACK/Herd/venta/vendor/laravel/framework/src/Illuminate/Container/BoundMethod.php(36): Illuminate\\Foundation\\Console\\ViewCacheCommand->handle()
#5 /mnt/c/Users/CRACK/Herd/venta/vendor/laravel/framework/src/Illuminate/Container/Util.php(43): Illuminate\\Container\\BoundMethod::Illuminate\\Container\\{closure}()
#6 /mnt/c/Users/CRACK/Herd/venta/vendor/laravel/framework/src/Illuminate/Container/BoundMethod.php(95): Illuminate\\Container\\Util::unwrapIfClosure()
#7 /mnt/c/Users/CRACK/Herd/venta/vendor/laravel/framework/src/Illuminate/Container/BoundMethod.php(35): Illuminate\\Container\\BoundMethod::callBoundMethod()
#8 /mnt/c/Users/CRACK/Herd/venta/vendor/laravel/framework/src/Illuminate/Container/Container.php(694): Illuminate\\Container\\BoundMethod::call()
#9 /mnt/c/Users/CRACK/Herd/venta/vendor/laravel/framework/src/Illuminate/Console/Command.php(213): Illuminate\\Container\\Container->call()
#10 /mnt/c/Users/CRACK/Herd/venta/vendor/symfony/console/Command/Command.php(279): Illuminate\\Console\\Command->execute()
#11 /mnt/c/Users/CRACK/Herd/venta/vendor/laravel/framework/src/Illuminate/Console/Command.php(182): Symfony\\Component\\Console\\Command\\Command->run()
#12 /mnt/c/Users/CRACK/Herd/venta/vendor/laravel/framework/src/Illuminate/Console/Concerns/CallsCommands.php(68): Illuminate\\Console\\Command->run()
#13 /mnt/c/Users/CRACK/Herd/venta/vendor/laravel/framework/src/Illuminate/Console/Concerns/CallsCommands.php(41): Illuminate\\Console\\Command->runCommand()
#14 /mnt/c/Users/CRACK/Herd/venta/vendor/laravel/framework/src/Illuminate/Console/Concerns/CallsCommands.php(53): Illuminate\\Console\\Command->callSilent()
#15 /mnt/c/Users/CRACK/Herd/venta/vendor/laravel/framework/src/Illuminate/Foundation/Console/OptimizeCommand.php(48): Illuminate\\Console\\Command->callSilently()
#16 /mnt/c/Users/CRACK/Herd/venta/vendor/laravel/framework/src/Illuminate/Console/View/Components/Task.php(40): Illuminate\\Foundation\\Console\\OptimizeCommand->Illuminate\\Foundation\\Console\\{closure}()
#17 /mnt/c/Users/CRACK/Herd/venta/vendor/laravel/framework/src/Illuminate/Console/View/Components/Factory.php(60): Illuminate\\Console\\View\\Components\\Task->render()
#18 /mnt/c/Users/CRACK/Herd/venta/vendor/laravel/framework/src/Illuminate/Foundation/Console/OptimizeCommand.php(48): Illuminate\\Console\\View\\Components\\Factory->__call()
#19 /mnt/c/Users/CRACK/Herd/venta/vendor/laravel/framework/src/Illuminate/Container/BoundMethod.php(36): Illuminate\\Foundation\\Console\\OptimizeCommand->handle()
#20 /mnt/c/Users/CRACK/Herd/venta/vendor/laravel/framework/src/Illuminate/Container/Util.php(43): Illuminate\\Container\\BoundMethod::Illuminate\\Container\\{closure}()
#21 /mnt/c/Users/CRACK/Herd/venta/vendor/laravel/framework/src/Illuminate/Container/BoundMethod.php(95): Illuminate\\Container\\Util::unwrapIfClosure()
#22 /mnt/c/Users/CRACK/Herd/venta/vendor/laravel/framework/src/Illuminate/Container/BoundMethod.php(35): Illuminate\\Container\\BoundMethod::callBoundMethod()
#23 /mnt/c/Users/CRACK/Herd/venta/vendor/laravel/framework/src/Illuminate/Container/Container.php(694): Illuminate\\Container\\BoundMethod::call()
#24 /mnt/c/Users/CRACK/Herd/venta/vendor/laravel/framework/src/Illuminate/Console/Command.php(213): Illuminate\\Container\\Container->call()
#25 /mnt/c/Users/CRACK/Herd/venta/vendor/symfony/console/Command/Command.php(279): Illuminate\\Console\\Command->execute()
#26 /mnt/c/Users/CRACK/Herd/venta/vendor/laravel/framework/src/Illuminate/Console/Command.php(182): Symfony\\Component\\Console\\Command\\Command->run()
#27 /mnt/c/Users/CRACK/Herd/venta/vendor/symfony/console/Application.php(1094): Illuminate\\Console\\Command->run()
#28 /mnt/c/Users/CRACK/Herd/venta/vendor/symfony/console/Application.php(342): Symfony\\Component\\Console\\Application->doRunCommand()
#29 /mnt/c/Users/CRACK/Herd/venta/vendor/symfony/console/Application.php(193): Symfony\\Component\\Console\\Application->doRun()
#30 /mnt/c/Users/CRACK/Herd/venta/vendor/laravel/framework/src/Illuminate/Foundation/Console/Kernel.php(198): Symfony\\Component\\Console\\Application->run()
#31 /mnt/c/Users/CRACK/Herd/venta/vendor/laravel/framework/src/Illuminate/Foundation/Application.php(1231): Illuminate\\Foundation\\Console\\Kernel->handle()
#32 /mnt/c/Users/CRACK/Herd/venta/artisan(13): Illuminate\\Foundation\\Application->handleCommand()
#33 {main}
"} 
